2015-11-05 13:38:52 - Date state updated to 2015-11-05T13:38:52
2015-11-05 13:38:52 - Weather_Humidity state updated to 100
2015-11-05 13:38:52 - Weather_Temperature state updated to 8
2015-11-05 13:38:58 - DemoLocation state updated to 52.52°N, 13.40°W, 0.00 m
2015-11-05 13:38:59 - Temperature_GF_Corridor state updated to 20.00000000
2015-11-05 13:38:59 - Temperature_GF_Toilet state updated to 22.40000000
2015-11-05 13:38:59 - Temperature_GF_Living state updated to 21.90000000
2015-11-05 13:38:59 - Temperature_GF_Kitchen state updated to 19.10000000
2015-11-05 13:38:59 - Temperature_FF_Bath state updated to 21.00000000
2015-11-05 13:38:59 - Temperature_FF_Office state updated to 18.20000000
2015-11-05 13:38:59 - Temperature_FF_Child state updated to 19.40000000
2015-11-05 13:38:59 - Temperature_FF_Bed state updated to 17.60000000
2015-11-05 13:38:59 - Weather_Temp_Max state updated to 8
2015-11-05 13:38:59 - Weather_Temp_Min state updated to 8
2015-11-05 13:39:53 - Weather_Humidity state updated to 100
2015-11-05 13:39:53 - Weather_Temperature state updated to 8
2015-11-05 13:39:53 - Weather_LastUpdate state updated to 2015-11-05T13:39:53
2015-11-05 13:40:00 - Temperature_GF_Corridor state updated to 17.80000000
2015-11-05 13:40:00 - Temperature_GF_Toilet state updated to 19.20000000
2015-11-05 13:40:00 - Temperature_GF_Living state updated to 18.60000000
2015-11-05 13:40:00 - Temperature_GF_Kitchen state updated to 18.60000000
2015-11-05 13:40:00 - Temperature_FF_Bath state updated to 17.80000000
2015-11-05 13:40:00 - Temperature_FF_Office state updated to 19.30000000
2015-11-05 13:40:00 - Temperature_FF_Child state updated to 21.00000000
2015-11-05 13:40:00 - Temperature_FF_Bed state updated to 17.70000000
2015-11-05 13:40:54 - Weather_Humidity state updated to 100
2015-11-05 13:40:54 - Weather_Temperature state updated to 8
2015-11-05 13:40:54 - Weather_LastUpdate state updated to 2015-11-05T13:40:54
2015-11-05 13:41:54 - Weather_Humidity state updated to 100
2015-11-05 13:41:54 - Weather_Temperature state updated to 8
2015-11-05 13:41:54 - Weather_LastUpdate state updated to 2015-11-05T13:41:54
2015-11-05 13:42:54 - Weather_Humidity state updated to 100
2015-11-05 13:42:54 - Weather_Temperature state updated to 8
2015-11-05 13:42:54 - Weather_LastUpdate state updated to 2015-11-05T13:42:54
2015-11-05 13:43:54 - Weather_Humidity state updated to 100
2015-11-05 13:43:54 - Weather_Temperature state updated to 8
2015-11-05 13:43:54 - Weather_LastUpdate state updated to 2015-11-05T13:43:54
2015-11-05 13:44:55 - Weather_Humidity state updated to 100
2015-11-05 13:44:55 - Weather_Temperature state updated to 8
2015-11-05 13:44:55 - Weather_LastUpdate state updated to 2015-11-05T13:44:55
2015-11-05 13:45:00 - Temperature_GF_Corridor state updated to 20.80000000
2015-11-05 13:45:00 - Temperature_GF_Toilet state updated to 18.90000000
2015-11-05 13:45:00 - Temperature_GF_Living state updated to 19.30000000
2015-11-05 13:45:00 - Temperature_GF_Kitchen state updated to 18.70000000
2015-11-05 13:45:00 - Temperature_FF_Bath state updated to 21.30000000
2015-11-05 13:45:00 - Temperature_FF_Office state updated to 19.70000000
2015-11-05 13:45:00 - Temperature_FF_Child state updated to 21.80000000
2015-11-05 13:45:00 - Temperature_FF_Bed state updated to 20.80000000
2015-11-05 13:58:17 - Date state updated to 2015-11-05T13:58:17
2015-11-05 13:58:18 - Weather_Humidity state updated to 100
2015-11-05 13:58:18 - Weather_Temperature state updated to 8
2015-11-05 13:58:24 - DemoLocation state updated to 52.52°N, 13.40°W, 0.00 m
2015-11-05 13:58:25 - Temperature_GF_Corridor state updated to 17.60000000
2015-11-05 13:58:25 - Temperature_GF_Toilet state updated to 22.20000000
2015-11-05 13:58:25 - Temperature_GF_Living state updated to 21.40000000
2015-11-05 13:58:25 - Temperature_GF_Kitchen state updated to 21.20000000
2015-11-05 13:58:25 - Temperature_FF_Bath state updated to 19.30000000
2015-11-05 13:58:25 - Temperature_FF_Office state updated to 22.20000000
2015-11-05 13:58:25 - Temperature_FF_Child state updated to 20.30000000
2015-11-05 13:58:25 - Temperature_FF_Bed state updated to 18.80000000
2015-11-05 13:58:25 - Weather_Temp_Max state updated to 8
2015-11-05 13:58:25 - Weather_Temp_Min state updated to 8
2015-11-05 13:59:19 - Weather_Humidity state updated to 100
2015-11-05 13:59:19 - Weather_Temperature state updated to 8
2015-11-05 13:59:19 - Weather_LastUpdate state updated to 2015-11-05T13:59:19
2015-11-05 14:00:00 - Temperature_GF_Corridor state updated to 18.70000000
2015-11-05 14:00:00 - Temperature_GF_Toilet state updated to 22.30000000
2015-11-05 14:00:00 - Temperature_GF_Living state updated to 22.40000000
2015-11-05 14:00:00 - Temperature_GF_Kitchen state updated to 17.60000000
2015-11-05 14:00:00 - Temperature_FF_Bath state updated to 20.60000000
2015-11-05 14:00:00 - Temperature_FF_Office state updated to 21.20000000
2015-11-05 14:00:00 - Temperature_FF_Child state updated to 17.80000000
2015-11-05 14:00:00 - Temperature_FF_Bed state updated to 19.20000000
2015-11-05 14:00:36 - Date state updated to 2015-11-05T14:00:36
2015-11-05 14:00:36 - Weather_Humidity state updated to 100
2015-11-05 14:00:36 - Weather_Temperature state updated to 8
2015-11-05 14:00:42 - Light_GF_Living_Table state updated to OFF
2015-11-05 14:00:42 - Light_GF_Corridor_Ceiling state updated to OFF
2015-11-05 14:00:42 - Light_GF_Kitchen_Ceiling state updated to OFF
2015-11-05 14:00:42 - Light_GF_Kitchen_Table state updated to OFF
2015-11-05 14:00:42 - Light_GF_Corridor_Wardrobe state updated to ON
2015-11-05 14:00:42 - Light_GF_Toilet_Ceiling state updated to ON
2015-11-05 14:00:42 - Light_GF_Toilet_Mirror state updated to OFF
2015-11-05 14:00:42 - Light_FF_Bath_Ceiling state updated to ON
2015-11-05 14:00:42 - Light_FF_Bath_Mirror state updated to OFF
2015-11-05 14:00:42 - Light_FF_Corridor_Ceiling state updated to ON
2015-11-05 14:00:42 - Light_FF_Office_Ceiling state updated to OFF
2015-11-05 14:00:42 - Light_FF_Child_Ceiling state updated to OFF
2015-11-05 14:00:42 - Light_FF_Bed_Ceiling state updated to OFF
2015-11-05 14:00:42 - Light_C_Corridor_Ceiling state updated to OFF
2015-11-05 14:00:42 - Light_C_Staircase state updated to ON
2015-11-05 14:00:42 - Light_C_Washing_Ceiling state updated to OFF
2015-11-05 14:00:42 - Light_C_Workshop state updated to OFF
2015-11-05 14:00:42 - Light_Outdoor_Garage state updated to OFF
2015-11-05 14:00:42 - Light_Outdoor_Terrace state updated to OFF
2015-11-05 14:00:42 - Light_Outdoor_Frontdoor state updated to ON
2015-11-05 14:00:42 - Heating_GF_Corridor state updated to OFF
2015-11-05 14:00:42 - Heating_GF_Toilet state updated to OFF
2015-11-05 14:00:42 - Heating_GF_Living state updated to OFF
2015-11-05 14:00:42 - Heating_GF_Kitchen state updated to OFF
2015-11-05 14:00:42 - Heating_FF_Bath state updated to OFF
2015-11-05 14:00:42 - Heating_FF_Office state updated to OFF
2015-11-05 14:00:42 - Heating_FF_Child state updated to OFF
2015-11-05 14:00:42 - Heating_FF_Bed state updated to OFF
2015-11-05 14:00:42 - Temperature_Setpoint state updated to 22
2015-11-05 14:00:42 - Window_GF_Frontdoor state updated to CLOSED
2015-11-05 14:00:42 - Window_GF_Kitchen state updated to OPEN
2015-11-05 14:00:42 - Window_GF_Living state updated to OPEN
2015-11-05 14:00:42 - Window_GF_Toilet state updated to OPEN
2015-11-05 14:00:42 - Window_FF_Bath state updated to CLOSED
2015-11-05 14:00:42 - Window_FF_Bed state updated to OPEN
2015-11-05 14:00:42 - Window_FF_Office_Window state updated to CLOSED
2015-11-05 14:00:42 - Window_FF_Office_Door state updated to CLOSED
2015-11-05 14:00:42 - Garage_Door state updated to OPEN
2015-11-05 14:00:42 - DemoLocation state updated to 52.52°N, 13.40°W, 0.00 m
2015-11-05 14:00:42 - Weather_Temp_Max state updated to 8
2015-11-05 14:00:42 - Weather_Temp_Min state updated to 8
2015-11-05 14:00:55 - Light_GF_Living_Table received command OFF
2015-11-05 14:00:55 - Light_GF_Corridor_Ceiling received command OFF
2015-11-05 14:00:55 - Light_GF_Kitchen_Ceiling received command OFF
2015-11-05 14:00:55 - Light_GF_Kitchen_Table received command OFF
2015-11-05 14:00:55 - Light_GF_Corridor_Wardrobe received command OFF
2015-11-05 14:00:55 - Light_GF_Toilet_Ceiling received command OFF
2015-11-05 14:00:55 - Light_GF_Toilet_Mirror received command OFF
2015-11-05 14:00:55 - Light_FF_Bath_Ceiling received command OFF
2015-11-05 14:00:55 - Light_FF_Bath_Mirror received command OFF
2015-11-05 14:00:55 - Light_FF_Corridor_Ceiling received command OFF
2015-11-05 14:00:55 - Light_FF_Office_Ceiling received command OFF
2015-11-05 14:00:55 - Light_FF_Child_Ceiling received command OFF
2015-11-05 14:00:55 - Light_FF_Bed_Ceiling received command OFF
2015-11-05 14:00:55 - Light_C_Corridor_Ceiling received command OFF
2015-11-05 14:00:55 - Light_C_Staircase received command OFF
2015-11-05 14:00:55 - Light_C_Washing_Ceiling received command OFF
2015-11-05 14:00:55 - Light_C_Workshop received command OFF
2015-11-05 14:00:55 - Light_Outdoor_Garage received command OFF
2015-11-05 14:00:55 - Light_Outdoor_Terrace received command OFF
2015-11-05 14:00:55 - Light_Outdoor_Frontdoor received command OFF
2015-11-05 14:00:55 - Lights received command OFF
2015-11-05 14:00:58 - Light_GF_Living_Table received command OFF
2015-11-05 14:00:58 - Light_GF_Corridor_Ceiling received command OFF
2015-11-05 14:00:58 - Light_GF_Kitchen_Ceiling received command OFF
2015-11-05 14:00:58 - Light_GF_Kitchen_Table received command OFF
2015-11-05 14:00:58 - Light_GF_Corridor_Wardrobe received command OFF
2015-11-05 14:00:58 - Light_GF_Toilet_Ceiling received command OFF
2015-11-05 14:00:58 - Light_GF_Toilet_Mirror received command OFF
2015-11-05 14:00:58 - Light_FF_Bath_Ceiling received command OFF
2015-11-05 14:00:58 - Light_FF_Bath_Mirror received command OFF
2015-11-05 14:00:58 - Light_FF_Corridor_Ceiling received command OFF
2015-11-05 14:00:58 - Light_FF_Office_Ceiling received command OFF
2015-11-05 14:00:58 - Light_FF_Child_Ceiling received command OFF
2015-11-05 14:00:58 - Light_FF_Bed_Ceiling received command OFF
2015-11-05 14:00:58 - Light_C_Corridor_Ceiling received command OFF
2015-11-05 14:00:58 - Light_C_Staircase received command OFF
2015-11-05 14:00:58 - Light_C_Washing_Ceiling received command OFF
2015-11-05 14:00:58 - Light_C_Workshop received command OFF
2015-11-05 14:00:58 - Light_Outdoor_Garage received command OFF
2015-11-05 14:00:58 - Light_Outdoor_Terrace received command OFF
2015-11-05 14:00:58 - Light_Outdoor_Frontdoor received command OFF
2015-11-05 14:00:58 - Lights received command OFF
2015-11-05 14:01:23 - Light_GF_Living_Table received command OFF
2015-11-05 14:01:23 - Light_GF_Corridor_Ceiling received command OFF
2015-11-05 14:01:23 - Light_GF_Kitchen_Ceiling received command OFF
2015-11-05 14:01:23 - Light_GF_Kitchen_Table received command OFF
2015-11-05 14:01:23 - Light_GF_Corridor_Wardrobe received command OFF
2015-11-05 14:01:23 - Light_GF_Toilet_Ceiling received command OFF
2015-11-05 14:01:23 - Light_GF_Toilet_Mirror received command OFF
2015-11-05 14:01:23 - Light_FF_Bath_Ceiling received command OFF
2015-11-05 14:01:23 - Light_FF_Bath_Mirror received command OFF
2015-11-05 14:01:23 - Light_FF_Corridor_Ceiling received command OFF
2015-11-05 14:01:23 - Light_FF_Office_Ceiling received command OFF
2015-11-05 14:01:23 - Light_FF_Child_Ceiling received command OFF
2015-11-05 14:01:23 - Light_FF_Bed_Ceiling received command OFF
2015-11-05 14:01:23 - Light_C_Corridor_Ceiling received command OFF
2015-11-05 14:01:23 - Light_C_Staircase received command OFF
2015-11-05 14:01:23 - Light_C_Washing_Ceiling received command OFF
2015-11-05 14:01:23 - Light_C_Workshop received command OFF
2015-11-05 14:01:23 - Light_Outdoor_Garage received command OFF
2015-11-05 14:01:23 - Light_Outdoor_Terrace received command OFF
2015-11-05 14:01:23 - Light_Outdoor_Frontdoor received command OFF
2015-11-05 14:01:23 - Lights received command OFF
2015-11-05 14:01:23 - Light_GF_Living_Table received command OFF
2015-11-05 14:01:23 - Light_GF_Corridor_Ceiling received command OFF
2015-11-05 14:01:23 - Light_GF_Kitchen_Ceiling received command OFF
2015-11-05 14:01:23 - Light_GF_Kitchen_Table received command OFF
2015-11-05 14:01:23 - Light_GF_Corridor_Wardrobe received command OFF
2015-11-05 14:01:23 - Light_GF_Toilet_Ceiling received command OFF
2015-11-05 14:01:23 - Light_GF_Toilet_Mirror received command OFF
2015-11-05 14:01:23 - Light_FF_Bath_Ceiling received command OFF
2015-11-05 14:01:23 - Light_FF_Bath_Mirror received command OFF
2015-11-05 14:01:23 - Light_FF_Corridor_Ceiling received command OFF
2015-11-05 14:01:23 - Light_FF_Office_Ceiling received command OFF
2015-11-05 14:01:23 - Light_FF_Child_Ceiling received command OFF
2015-11-05 14:01:23 - Light_FF_Bed_Ceiling received command OFF
2015-11-05 14:01:23 - Light_C_Corridor_Ceiling received command OFF
2015-11-05 14:01:23 - Light_C_Staircase received command OFF
2015-11-05 14:01:23 - Light_C_Washing_Ceiling received command OFF
2015-11-05 14:01:23 - Light_C_Workshop received command OFF
2015-11-05 14:01:23 - Light_Outdoor_Garage received command OFF
2015-11-05 14:01:23 - Light_Outdoor_Terrace received command OFF
2015-11-05 14:01:23 - Light_Outdoor_Frontdoor received command OFF
2015-11-05 14:01:23 - Lights received command OFF
2015-11-05 14:01:24 - Light_GF_Living_Table received command OFF
2015-11-05 14:01:24 - Light_GF_Corridor_Ceiling received command OFF
2015-11-05 14:01:24 - Light_GF_Kitchen_Ceiling received command OFF
2015-11-05 14:01:24 - Light_GF_Kitchen_Table received command OFF
2015-11-05 14:01:24 - Light_GF_Corridor_Wardrobe received command OFF
2015-11-05 14:01:24 - Light_GF_Toilet_Ceiling received command OFF
2015-11-05 14:01:24 - Light_GF_Toilet_Mirror received command OFF
2015-11-05 14:01:24 - Light_FF_Bath_Ceiling received command OFF
2015-11-05 14:01:24 - Light_FF_Bath_Mirror received command OFF
2015-11-05 14:01:24 - Light_FF_Corridor_Ceiling received command OFF
2015-11-05 14:01:24 - Light_FF_Office_Ceiling received command OFF
2015-11-05 14:01:24 - Light_FF_Child_Ceiling received command OFF
2015-11-05 14:01:24 - Light_FF_Bed_Ceiling received command OFF
2015-11-05 14:01:24 - Light_C_Corridor_Ceiling received command OFF
2015-11-05 14:01:24 - Light_C_Staircase received command OFF
2015-11-05 14:01:24 - Light_C_Washing_Ceiling received command OFF
2015-11-05 14:01:24 - Light_C_Workshop received command OFF
2015-11-05 14:01:24 - Light_Outdoor_Garage received command OFF
2015-11-05 14:01:24 - Light_Outdoor_Terrace received command OFF
2015-11-05 14:01:24 - Light_Outdoor_Frontdoor received command OFF
2015-11-05 14:01:24 - Lights received command OFF
2015-11-05 14:01:36 - Weather_Humidity state updated to 100
2015-11-05 14:01:37 - Weather_Temperature state updated to 8
2015-11-05 14:01:37 - Weather_LastUpdate state updated to 2015-11-05T14:01:37
2015-11-05 14:02:37 - Weather_Humidity state updated to 100
2015-11-05 14:02:37 - Weather_Temperature state updated to 8
2015-11-05 14:02:37 - Weather_LastUpdate state updated to 2015-11-05T14:02:37
2015-11-05 14:03:37 - Weather_Humidity state updated to 100
2015-11-05 14:03:37 - Weather_Temperature state updated to 8
2015-11-05 14:03:37 - Weather_LastUpdate state updated to 2015-11-05T14:03:37
2015-11-05 14:04:37 - Weather_Humidity state updated to 100
2015-11-05 14:04:37 - Weather_Temperature state updated to 8
2015-11-05 14:04:37 - Weather_LastUpdate state updated to 2015-11-05T14:04:37
2015-11-05 14:05:45 - Date state updated to 2015-11-05T14:05:45
2015-11-05 14:05:45 - Weather_Humidity state updated to 100
2015-11-05 14:05:47 - Weather_Temperature state updated to 8
2015-11-05 14:05:52 - DemoLocation state updated to 52.52°N, 13.40°W, 0.00 m
2015-11-05 14:05:52 - Temperature_GF_Corridor state updated to 21.20000000
2015-11-05 14:05:52 - Temperature_GF_Toilet state updated to 20.60000000
2015-11-05 14:05:52 - Temperature_GF_Living state updated to 20.20000000
2015-11-05 14:05:52 - Temperature_GF_Kitchen state updated to 21.70000000
2015-11-05 14:05:52 - Temperature_FF_Bath state updated to 18.50000000
2015-11-05 14:05:52 - Temperature_FF_Office state updated to 18.10000000
2015-11-05 14:05:52 - Temperature_FF_Child state updated to 21.40000000
2015-11-05 14:05:52 - Temperature_FF_Bed state updated to 19.30000000
2015-11-05 14:05:52 - Weather_Temp_Max state updated to 8
2015-11-05 14:05:52 - Weather_Temp_Min state updated to 8
2015-11-07 13:02:33 - Weather_Humidity state updated to 88
2015-11-07 13:02:33 - Date state updated to 2015-11-07T13:02:33
2015-11-07 13:02:33 - Weather_Temperature state updated to 16
2015-11-07 13:02:39 - DemoLocation state updated to 52.52°N, 13.40°W, 0.00 m
2015-11-07 13:02:40 - Weather_Temp_Max state updated to 16
2015-11-07 13:02:40 - Weather_Temp_Min state updated to 16
2015-11-07 13:03:34 - Weather_Humidity state updated to 94
2015-11-07 13:03:34 - Weather_Temperature state updated to 16
2015-11-07 13:03:34 - Weather_Humidex state updated to 19.9294656369912804
2015-11-07 13:03:34 - Weather_LastUpdate state updated to 2015-11-07T13:03:34
2015-11-07 13:07:21 - Weather_Humidity state updated to 88
2015-11-07 13:07:21 - Date state updated to 2015-11-07T13:07:21
2015-11-07 13:07:21 - Weather_Temperature state updated to 16
2015-11-07 13:07:29 - Light_GF_Living_Table state updated to ON
2015-11-07 13:07:29 - Light_GF_Corridor_Ceiling state updated to OFF
2015-11-07 13:07:29 - Light_GF_Kitchen_Ceiling state updated to OFF
2015-11-07 13:07:29 - Light_GF_Kitchen_Table state updated to ON
2015-11-07 13:07:29 - Light_GF_Corridor_Wardrobe state updated to OFF
2015-11-07 13:07:29 - Light_GF_Toilet_Ceiling state updated to ON
2015-11-07 13:07:29 - Light_GF_Toilet_Mirror state updated to ON
2015-11-07 13:07:29 - Light_FF_Bath_Ceiling state updated to OFF
2015-11-07 13:07:29 - Light_FF_Bath_Mirror state updated to OFF
2015-11-07 13:07:29 - Light_FF_Corridor_Ceiling state updated to OFF
2015-11-07 13:07:29 - Light_FF_Office_Ceiling state updated to ON
2015-11-07 13:07:29 - Light_FF_Child_Ceiling state updated to OFF
2015-11-07 13:07:29 - Light_FF_Bed_Ceiling state updated to OFF
2015-11-07 13:07:29 - Light_C_Corridor_Ceiling state updated to OFF
2015-11-07 13:07:29 - Light_C_Staircase state updated to OFF
2015-11-07 13:07:29 - Light_C_Washing_Ceiling state updated to OFF
2015-11-07 13:07:29 - Light_C_Workshop state updated to OFF
2015-11-07 13:07:29 - Light_Outdoor_Garage state updated to ON
2015-11-07 13:07:29 - Light_Outdoor_Terrace state updated to OFF
2015-11-07 13:07:29 - Light_Outdoor_Frontdoor state updated to OFF
2015-11-07 13:07:29 - Heating_GF_Corridor state updated to ON
2015-11-07 13:07:29 - Heating_GF_Toilet state updated to OFF
2015-11-07 13:07:29 - Heating_GF_Living state updated to OFF
2015-11-07 13:07:29 - Heating_GF_Kitchen state updated to OFF
2015-11-07 13:07:29 - Heating_FF_Bath state updated to OFF
2015-11-07 13:07:29 - Heating_FF_Office state updated to OFF
2015-11-07 13:07:29 - Heating_FF_Child state updated to OFF
2015-11-07 13:07:29 - Heating_FF_Bed state updated to OFF
2015-11-07 13:07:29 - Temperature_Setpoint state updated to 22
2015-11-07 13:07:29 - Window_GF_Frontdoor state updated to OPEN
2015-11-07 13:07:29 - Window_GF_Kitchen state updated to OPEN
2015-11-07 13:07:29 - Window_GF_Living state updated to OPEN
2015-11-07 13:07:29 - Window_GF_Toilet state updated to CLOSED
2015-11-07 13:07:29 - Window_FF_Bath state updated to OPEN
2015-11-07 13:07:29 - Window_FF_Bed state updated to OPEN
2015-11-07 13:07:29 - Window_FF_Office_Window state updated to OPEN
2015-11-07 13:07:29 - Window_FF_Office_Door state updated to CLOSED
2015-11-07 13:07:29 - Garage_Door state updated to OPEN
2015-11-07 13:07:29 - DemoLocation state updated to 52.52°N, 13.40°W, 0.00 m
2015-11-07 13:07:29 - Weather_Temp_Max state updated to 16
2015-11-07 13:07:29 - Weather_Temp_Min state updated to 16
2015-11-07 13:08:21 - Weather_Humidity state updated to 88
2015-11-07 13:08:21 - Weather_Temperature state updated to 16
2015-11-07 13:08:21 - Weather_LastUpdate state updated to 2015-11-07T13:08:21
2015-11-07 13:09:21 - Weather_Humidity state updated to 88
2015-11-07 13:09:21 - Weather_Temperature state updated to 16
2015-11-07 13:09:21 - Weather_LastUpdate state updated to 2015-11-07T13:09:21
2015-11-07 13:10:21 - Weather_Humidity state updated to 88
2015-11-07 13:10:22 - Weather_Temperature state updated to 16
2015-11-07 13:10:22 - Weather_LastUpdate state updated to 2015-11-07T13:10:22
2015-11-07 13:11:22 - Weather_Humidity state updated to 88
2015-11-07 13:11:22 - Weather_Temperature state updated to 16
2015-11-07 13:11:22 - Weather_LastUpdate state updated to 2015-11-07T13:11:22
2015-11-07 13:12:22 - Weather_Humidity state updated to 88
2015-11-07 13:12:22 - Weather_Temperature state updated to 16
2015-11-07 13:12:22 - Weather_LastUpdate state updated to 2015-11-07T13:12:22
2015-11-07 13:13:22 - Weather_Humidity state updated to 88
2015-11-07 13:13:22 - Weather_Temperature state updated to 16
2015-11-07 13:13:23 - Weather_LastUpdate state updated to 2015-11-07T13:13:22
2015-11-07 13:14:23 - Weather_Humidity state updated to 88
2015-11-07 13:14:23 - Weather_Temperature state updated to 16
2015-11-07 13:14:23 - Weather_LastUpdate state updated to 2015-11-07T13:14:23
2015-11-07 13:15:23 - Weather_Humidity state updated to 88
2015-11-07 13:15:23 - Weather_Temperature state updated to 16
2015-11-07 13:15:23 - Weather_LastUpdate state updated to 2015-11-07T13:15:23
2015-11-07 13:16:23 - Weather_Humidity state updated to 88
2015-11-07 13:16:23 - Weather_Temperature state updated to 16
2015-11-07 13:16:23 - Weather_LastUpdate state updated to 2015-11-07T13:16:23
2015-11-07 13:17:23 - Weather_Humidity state updated to 88
2015-11-07 13:17:23 - Weather_Temperature state updated to 16
2015-11-07 13:17:23 - Weather_LastUpdate state updated to 2015-11-07T13:17:23
2015-11-07 13:18:23 - Weather_Humidity state updated to 88
2015-11-07 13:18:23 - Weather_Temperature state updated to 16
2015-11-07 13:18:23 - Weather_LastUpdate state updated to 2015-11-07T13:18:23
2015-11-07 13:19:24 - Weather_Humidity state updated to 88
2015-11-07 13:19:24 - Weather_Temperature state updated to 16
2015-11-07 13:19:24 - Weather_LastUpdate state updated to 2015-11-07T13:19:24
2015-11-07 13:20:24 - Weather_Humidity state updated to 88
2015-11-07 13:20:24 - Weather_Temperature state updated to 16
2015-11-07 13:20:24 - Weather_LastUpdate state updated to 2015-11-07T13:20:24
2015-11-07 13:21:24 - Weather_Humidity state updated to 88
2015-11-07 13:21:24 - Weather_Temperature state updated to 16
2015-11-07 13:21:24 - Weather_LastUpdate state updated to 2015-11-07T13:21:24
2015-11-07 13:22:21 - Date state updated to 2015-11-07T13:22:21
2015-11-07 13:22:24 - Weather_Humidity state updated to 88
2015-11-07 13:22:24 - Weather_Temperature state updated to 16
2015-11-07 13:22:24 - Weather_LastUpdate state updated to 2015-11-07T13:22:24
2015-11-07 13:23:24 - Weather_Humidity state updated to 88
2015-11-07 13:23:24 - Weather_Temperature state updated to 16
2015-11-07 13:23:24 - Weather_LastUpdate state updated to 2015-11-07T13:23:24
2015-11-07 13:24:25 - Weather_Humidity state updated to 88
2015-11-07 13:24:25 - Weather_Temperature state updated to 16
2015-11-07 13:24:25 - Weather_LastUpdate state updated to 2015-11-07T13:24:25
