2015-11-05 13:38:59,061 - Temperature_GF_Corridor  : 20.00000000
2015-11-05 13:38:59,104 - Temperature_GF_Toilet    : 22.40000000
2015-11-05 13:38:59,108 - Temperature_GF_Living    : 21.90000000
2015-11-05 13:38:59,111 - Temperature_GF_Kitchen   : 19.10000000
2015-11-05 13:38:59,116 - Temperature_FF_Bath      : 21.00000000
2015-11-05 13:38:59,120 - Temperature_FF_Office    : 18.20000000
2015-11-05 13:38:59,131 - Temperature_FF_Child     : 19.40000000
2015-11-05 13:38:59,135 - Temperature_FF_Bed       : 17.60000000
2015-11-05 13:40:00,009 - Temperature_GF_Corridor  : 17.80000000
2015-11-05 13:40:00,014 - Temperature_GF_Toilet    : 19.20000000
2015-11-05 13:40:00,016 - Temperature_GF_Living    : 18.60000000
2015-11-05 13:40:00,017 - Temperature_GF_Kitchen   : 18.60000000
2015-11-05 13:40:00,019 - Temperature_FF_Bath      : 17.80000000
2015-11-05 13:40:00,022 - Temperature_FF_Office    : 19.30000000
2015-11-05 13:40:00,028 - Temperature_FF_Child     : 21.00000000
2015-11-05 13:40:00,029 - Temperature_FF_Bed       : 17.70000000
2015-11-05 13:45:00,013 - Temperature_GF_Corridor  : 20.80000000
2015-11-05 13:45:00,020 - Temperature_GF_Toilet    : 18.90000000
2015-11-05 13:45:00,022 - Temperature_GF_Living    : 19.30000000
2015-11-05 13:45:00,023 - Temperature_GF_Kitchen   : 18.70000000
2015-11-05 13:45:00,026 - Temperature_FF_Bath      : 21.30000000
2015-11-05 13:45:00,029 - Temperature_FF_Office    : 19.70000000
2015-11-05 13:45:00,030 - Temperature_FF_Child     : 21.80000000
2015-11-05 13:45:00,032 - Temperature_FF_Bed       : 20.80000000
2015-11-05 13:58:25,039 - Temperature_GF_Corridor  : 17.60000000
2015-11-05 13:58:25,042 - Temperature_GF_Toilet    : 22.20000000
2015-11-05 13:58:25,050 - Temperature_GF_Living    : 21.40000000
2015-11-05 13:58:25,053 - Temperature_GF_Kitchen   : 21.20000000
2015-11-05 13:58:25,056 - Temperature_FF_Bath      : 19.30000000
2015-11-05 13:58:25,060 - Temperature_FF_Office    : 22.20000000
2015-11-05 13:58:25,065 - Temperature_FF_Child     : 20.30000000
2015-11-05 13:58:25,070 - Temperature_FF_Bed       : 18.80000000
2015-11-05 14:00:00,016 - Temperature_GF_Corridor  : 18.70000000
2015-11-05 14:00:00,023 - Temperature_GF_Toilet    : 22.30000000
2015-11-05 14:00:00,029 - Temperature_GF_Living    : 22.40000000
2015-11-05 14:00:00,035 - Temperature_GF_Kitchen   : 17.60000000
2015-11-05 14:00:00,059 - Temperature_FF_Bath      : 20.60000000
2015-11-05 14:00:00,067 - Temperature_FF_Office    : 21.20000000
2015-11-05 14:00:00,074 - Temperature_FF_Child     : 17.80000000
2015-11-05 14:00:00,090 - Temperature_FF_Bed       : 19.20000000
2015-11-05 14:05:52,386 - Temperature_GF_Corridor  : 21.20000000
2015-11-05 14:05:52,436 - Temperature_GF_Toilet    : 20.60000000
2015-11-05 14:05:52,534 - Temperature_GF_Living    : 20.20000000
2015-11-05 14:05:52,551 - Temperature_GF_Kitchen   : 21.70000000
2015-11-05 14:05:52,554 - Temperature_FF_Bath      : 18.50000000
2015-11-05 14:05:52,572 - Temperature_FF_Office    : 18.10000000
2015-11-05 14:05:52,575 - Temperature_FF_Child     : 21.40000000
2015-11-05 14:05:52,579 - Temperature_FF_Bed       : 19.30000000
